[ 2012-11-26T10:31:33+08:00 ] 222.187.82.138 /app/index.php
INFO: [ app_begin ] --START--
INFO: Run ReadHtmlCache Behavior [ RunTime:0.000866s ]
INFO: [ app_begin ] --END-- [ RunTime:0.000956s ]
INFO: [ view_template ] --START--
INFO: Run LocationTemplate Behavior [ RunTime:0.000972s ]
INFO: [ view_template ] --END-- [ RunTime:0.001046s ]
INFO: [ view_parse ] --START--
INFO: Run ParseTemplate Behavior [ RunTime:0.012411s ]
INFO: [ view_parse ] --END-- [ RunTime:0.012483s ]
INFO: [ view_filter ] --START--
INFO: Run ContentReplace Behavior [ RunTime:0.000627s ]
INFO: Run TokenBuild Behavior [ RunTime:0.000655s ]
INFO: Run WriteHtmlCache Behavior [ RunTime:0.000535s ]
INFO: Run ShowRuntime Behavior [ RunTime:0.000780s ]
INFO: [ view_filter ] --END-- [ RunTime:0.002777s ]
INFO: [ view_end ] --START--
INFO: Run ShowPageTrace Behavior [ RunTime:0.000879s ]
INFO: [ view_end ] --END-- [ RunTime:0.000945s ]

[ 2012-11-26T10:31:35+08:00 ] 222.187.82.138 /app/index.php
INFO: [ app_begin ] --START--
INFO: Run ReadHtmlCache Behavior [ RunTime:0.000826s ]
INFO: [ app_begin ] --END-- [ RunTime:0.000909s ]
INFO: [ view_template ] --START--
INFO: Run LocationTemplate Behavior [ RunTime:0.000913s ]
INFO: [ view_template ] --END-- [ RunTime:0.000986s ]
INFO: [ view_parse ] --START--
INFO: Run ParseTemplate Behavior [ RunTime:0.012229s ]
INFO: [ view_parse ] --END-- [ RunTime:0.012301s ]
INFO: [ view_filter ] --START--
INFO: Run ContentReplace Behavior [ RunTime:0.000596s ]
INFO: Run TokenBuild Behavior [ RunTime:0.000636s ]
INFO: Run WriteHtmlCache Behavior [ RunTime:0.000517s ]
INFO: Run ShowRuntime Behavior [ RunTime:0.000735s ]
INFO: [ view_filter ] --END-- [ RunTime:0.002662s ]
INFO: [ view_end ] --START--
INFO: Run ShowPageTrace Behavior [ RunTime:0.000860s ]
INFO: [ view_end ] --END-- [ RunTime:0.000924s ]

[ 2012-11-26T10:31:35+08:00 ] 222.187.82.138 /app/index.php
INFO: [ app_begin ] --START--
INFO: Run ReadHtmlCache Behavior [ RunTime:0.000821s ]
INFO: [ app_begin ] --END-- [ RunTime:0.000903s ]
INFO: [ view_template ] --START--
INFO: Run LocationTemplate Behavior [ RunTime:0.000909s ]
INFO: [ view_template ] --END-- [ RunTime:0.000983s ]
INFO: [ view_parse ] --START--
INFO: Run ParseTemplate Behavior [ RunTime:0.012180s ]
INFO: [ view_parse ] --END-- [ RunTime:0.012251s ]
INFO: [ view_filter ] --START--
INFO: Run ContentReplace Behavior [ RunTime:0.000595s ]
INFO: Run TokenBuild Behavior [ RunTime:0.000632s ]
INFO: Run WriteHtmlCache Behavior [ RunTime:0.000512s ]
INFO: Run ShowRuntime Behavior [ RunTime:0.000732s ]
INFO: [ view_filter ] --END-- [ RunTime:0.002652s ]
INFO: [ view_end ] --START--
INFO: Run ShowPageTrace Behavior [ RunTime:0.000851s ]
INFO: [ view_end ] --END-- [ RunTime:0.000916s ]

[ 2012-11-26T10:31:36+08:00 ] 222.187.82.138 /app/index.php
INFO: [ app_begin ] --START--
INFO: Run ReadHtmlCache Behavior [ RunTime:0.000518s ]
INFO: [ app_begin ] --END-- [ RunTime:0.000604s ]
INFO: [ view_template ] --START--
INFO: Run LocationTemplate Behavior [ RunTime:0.000455s ]
INFO: [ view_template ] --END-- [ RunTime:0.000572s ]
INFO: [ view_parse ] --START--
INFO: Run ParseTemplate Behavior [ RunTime:0.006154s ]
INFO: [ view_parse ] --END-- [ RunTime:0.006247s ]
INFO: [ view_filter ] --START--
INFO: Run ContentReplace Behavior [ RunTime:0.000291s ]
INFO: Run TokenBuild Behavior [ RunTime:0.000327s ]
INFO: Run WriteHtmlCache Behavior [ RunTime:0.000208s ]
INFO: Run ShowRuntime Behavior [ RunTime:0.000429s ]
INFO: [ view_filter ] --END-- [ RunTime:0.001434s ]
INFO: [ view_end ] --START--
INFO: Run ShowPageTrace Behavior [ RunTime:0.000546s ]
INFO: [ view_end ] --END-- [ RunTime:0.000611s ]

[ 2012-11-26T10:31:36+08:00 ] 222.187.82.138 /app/index.php
INFO: [ app_begin ] --START--
INFO: Run ReadHtmlCache Behavior [ RunTime:0.000529s ]
INFO: [ app_begin ] --END-- [ RunTime:0.000609s ]
INFO: [ view_template ] --START--
INFO: Run LocationTemplate Behavior [ RunTime:0.000319s ]
INFO: [ view_template ] --END-- [ RunTime:0.000390s ]
INFO: [ view_parse ] --START--
INFO: Run ParseTemplate Behavior [ RunTime:0.006035s ]
INFO: [ view_parse ] --END-- [ RunTime:0.006107s ]
INFO: [ view_filter ] --START--
INFO: Run ContentReplace Behavior [ RunTime:0.000294s ]
INFO: Run TokenBuild Behavior [ RunTime:0.000331s ]
INFO: Run WriteHtmlCache Behavior [ RunTime:0.000212s ]
INFO: Run ShowRuntime Behavior [ RunTime:0.000432s ]
INFO: [ view_filter ] --END-- [ RunTime:0.001443s ]
INFO: [ view_end ] --START--
INFO: Run ShowPageTrace Behavior [ RunTime:0.000551s ]
INFO: [ view_end ] --END-- [ RunTime:0.000615s ]

