[ 2012-11-25T17:26:05+08:00 ] ERR: (ThinkException) 无法加载模块:user
[ 2012-11-25T17:28:08+08:00 ] ERR: (ThinkException) 无法加载模块:user
[ 2012-11-25T17:28:08+08:00 ] ERR: (ThinkException) 无法加载模块:user
[ 2012-11-25T17:28:09+08:00 ] ERR: (ThinkException) 无法加载模块:user
[ 2012-11-25T17:28:09+08:00 ] ERR: (ThinkException) 无法加载模块:user
[ 2012-11-25T17:28:12+08:00 ] 127.0.0.1 /app/index.php/
INFO: [ route_check ] --START--
INFO: Run CheckRoute Behavior [ RunTime:0.000760s ]
INFO: [ route_check ] --END-- [ RunTime:0.000858s ]
INFO: [ app_begin ] --START--
INFO: Run ReadHtmlCache Behavior [ RunTime:0.000568s ]
INFO: [ app_begin ] --END-- [ RunTime:0.000634s ]
INFO: [ view_parse ] --START--
INFO: Run ParseTemplate Behavior [ RunTime:0.001487s ]
INFO: [ view_parse ] --END-- [ RunTime:0.001627s ]
INFO: [ view_filter ] --START--
INFO: Run ContentReplace Behavior [ RunTime:0.001050s ]
INFO: Run TokenBuild Behavior [ RunTime:0.000694s ]
INFO: Run WriteHtmlCache Behavior [ RunTime:0.000545s ]
INFO: Run ShowRuntime Behavior [ RunTime:0.000784s ]
INFO: [ view_filter ] --END-- [ RunTime:0.003290s ]
INFO: [ view_end ] --START--
INFO: Run ShowPageTrace Behavior [ RunTime:0.001158s ]
INFO: [ view_end ] --END-- [ RunTime:0.001258s ]

[ 2012-11-25T17:28:13+08:00 ] 127.0.0.1 /app/index.php/
INFO: [ route_check ] --START--
INFO: Run CheckRoute Behavior [ RunTime:0.002194s ]
INFO: [ route_check ] --END-- [ RunTime:0.002410s ]
INFO: [ app_begin ] --START--
INFO: Run ReadHtmlCache Behavior [ RunTime:0.001910s ]
INFO: [ app_begin ] --END-- [ RunTime:0.002102s ]
INFO: [ view_parse ] --START--
INFO: Run ParseTemplate Behavior [ RunTime:0.002952s ]
INFO: [ view_parse ] --END-- [ RunTime:0.003155s ]
INFO: [ view_filter ] --START--
INFO: Run ContentReplace Behavior [ RunTime:0.001542s ]
INFO: Run TokenBuild Behavior [ RunTime:0.001038s ]
INFO: Run WriteHtmlCache Behavior [ RunTime:0.000577s ]
INFO: Run ShowRuntime Behavior [ RunTime:0.001317s ]
INFO: [ view_filter ] --END-- [ RunTime:0.004958s ]
INFO: [ view_end ] --START--
INFO: Run ShowPageTrace Behavior [ RunTime:0.001397s ]
INFO: [ view_end ] --END-- [ RunTime:0.001577s ]

[ 2012-11-25T17:28:13+08:00 ] 127.0.0.1 /app/index.php/
INFO: [ route_check ] --START--
INFO: Run CheckRoute Behavior [ RunTime:0.003203s ]
INFO: [ route_check ] --END-- [ RunTime:0.003425s ]
INFO: [ app_begin ] --START--
INFO: Run ReadHtmlCache Behavior [ RunTime:0.001364s ]
INFO: [ app_begin ] --END-- [ RunTime:0.001560s ]
INFO: [ view_parse ] --START--
INFO: Run ParseTemplate Behavior [ RunTime:0.002868s ]
INFO: [ view_parse ] --END-- [ RunTime:0.003073s ]
INFO: [ view_filter ] --START--
INFO: Run ContentReplace Behavior [ RunTime:0.000762s ]
INFO: Run TokenBuild Behavior [ RunTime:0.000801s ]
INFO: Run WriteHtmlCache Behavior [ RunTime:0.000528s ]
INFO: Run ShowRuntime Behavior [ RunTime:0.001115s ]
INFO: [ view_filter ] --END-- [ RunTime:0.003756s ]
INFO: [ view_end ] --START--
INFO: Run ShowPageTrace Behavior [ RunTime:0.001363s ]
INFO: [ view_end ] --END-- [ RunTime:0.001534s ]

[ 2012-11-25T17:28:13+08:00 ] 127.0.0.1 /app/index.php/
INFO: [ route_check ] --START--
INFO: Run CheckRoute Behavior [ RunTime:0.001102s ]
INFO: [ route_check ] --END-- [ RunTime:0.001206s ]
INFO: [ app_begin ] --START--
INFO: Run ReadHtmlCache Behavior [ RunTime:0.000562s ]
INFO: [ app_begin ] --END-- [ RunTime:0.000634s ]
INFO: [ view_parse ] --START--
INFO: Run ParseTemplate Behavior [ RunTime:0.000882s ]
INFO: [ view_parse ] --END-- [ RunTime:0.000982s ]
INFO: [ view_filter ] --START--
INFO: Run ContentReplace Behavior [ RunTime:0.000306s ]
INFO: Run TokenBuild Behavior [ RunTime:0.000390s ]
INFO: Run WriteHtmlCache Behavior [ RunTime:0.000223s ]
INFO: Run ShowRuntime Behavior [ RunTime:0.000618s ]
INFO: [ view_filter ] --END-- [ RunTime:0.001736s ]
INFO: [ view_end ] --START--
INFO: Run ShowPageTrace Behavior [ RunTime:0.000606s ]
INFO: [ view_end ] --END-- [ RunTime:0.000680s ]

[ 2012-11-25T17:28:17+08:00 ] ERR: (ThinkException) 无法加载模块:user
[ 2012-11-25T17:28:25+08:00 ] ERR: (ThinkException) 无法加载模块:user
[ 2012-11-25T17:28:25+08:00 ] ERR: (ThinkException) 无法加载模块:user
[ 2012-11-25T17:28:26+08:00 ] ERR: (ThinkException) 无法加载模块:user
[ 2012-11-25T17:28:52+08:00 ] ERR: (ThinkException) 无法加载模块:user
[ 2012-11-25T17:29:03+08:00 ] ERR: (ThinkException) 无法加载模块:user
[ 2012-11-25T17:29:03+08:00 ] ERR: (ThinkException) 无法加载模块:user
[ 2012-11-25T17:29:04+08:00 ] ERR: (ThinkException) 无法加载模块:user
[ 2012-11-25T17:29:04+08:00 ] ERR: (ThinkException) 无法加载模块:user
[ 2012-11-25T17:29:06+08:00 ] ERR: (ThinkException) 无法加载模块:user
[ 2012-11-25T17:29:33+08:00 ] ERR: (ThinkException) 无法加载模块:user
[ 2012-11-25T17:30:18+08:00 ] ERR: (ThinkException) 无法加载模块:user
[ 2012-11-25T17:30:18+08:00 ] ERR: (ThinkException) 无法加载模块:user
[ 2012-11-25T17:30:18+08:00 ] ERR: (ThinkException) 无法加载模块:user
[ 2012-11-25T17:30:39+08:00 ] ERR: (ThinkException) 无法加载模块:user
[ 2012-11-25T17:30:40+08:00 ] ERR: (ThinkException) 无法加载模块:user
[ 2012-11-25T17:30:40+08:00 ] ERR: (ThinkException) 无法加载模块:user
[ 2012-11-25T17:30:40+08:00 ] ERR: (ThinkException) 无法加载模块:user
[ 2012-11-25T17:31:01+08:00 ] 127.0.0.1 /app/index.php/
INFO: [ route_check ] --START--
INFO: Run CheckRoute Behavior [ RunTime:0.000742s ]
INFO: [ route_check ] --END-- [ RunTime:0.000848s ]
INFO: [ app_begin ] --START--
INFO: Run ReadHtmlCache Behavior [ RunTime:0.000566s ]
INFO: [ app_begin ] --END-- [ RunTime:0.000642s ]
INFO: [ view_parse ] --START--
INFO: Run ParseTemplate Behavior [ RunTime:0.001255s ]
INFO: [ view_parse ] --END-- [ RunTime:0.001340s ]
INFO: [ view_filter ] --START--
INFO: Run ContentReplace Behavior [ RunTime:0.000967s ]
INFO: Run TokenBuild Behavior [ RunTime:0.000746s ]
INFO: Run WriteHtmlCache Behavior [ RunTime:0.000574s ]
INFO: Run ShowRuntime Behavior [ RunTime:0.000725s ]
INFO: [ view_filter ] --END-- [ RunTime:0.003218s ]
INFO: [ view_end ] --START--
INFO: Run ShowPageTrace Behavior [ RunTime:0.000845s ]
INFO: [ view_end ] --END-- [ RunTime:0.000915s ]

[ 2012-11-25T17:31:03+08:00 ] 127.0.0.1 /app/index.php/
INFO: [ route_check ] --START--
INFO: Run CheckRoute Behavior [ RunTime:0.001897s ]
INFO: [ route_check ] --END-- [ RunTime:0.002099s ]
INFO: [ app_begin ] --START--
INFO: Run ReadHtmlCache Behavior [ RunTime:0.001439s ]
INFO: [ app_begin ] --END-- [ RunTime:0.001612s ]
INFO: [ view_parse ] --START--
INFO: Run ParseTemplate Behavior [ RunTime:0.002166s ]
INFO: [ view_parse ] --END-- [ RunTime:0.002359s ]
INFO: [ view_filter ] --START--
INFO: Run ContentReplace Behavior [ RunTime:0.000795s ]
INFO: Run TokenBuild Behavior [ RunTime:0.000922s ]
INFO: Run WriteHtmlCache Behavior [ RunTime:0.000613s ]
INFO: Run ShowRuntime Behavior [ RunTime:0.001086s ]
INFO: [ view_filter ] --END-- [ RunTime:0.003887s ]
INFO: [ view_end ] --START--
INFO: Run ShowPageTrace Behavior [ RunTime:0.002335s ]
INFO: [ view_end ] --END-- [ RunTime:0.002710s ]

[ 2012-11-25T17:31:04+08:00 ] 127.0.0.1 /app/index.php/
INFO: [ route_check ] --START--
INFO: Run CheckRoute Behavior [ RunTime:0.002063s ]
INFO: [ route_check ] --END-- [ RunTime:0.002289s ]
INFO: [ app_begin ] --START--
INFO: Run ReadHtmlCache Behavior [ RunTime:0.001521s ]
INFO: [ app_begin ] --END-- [ RunTime:0.001691s ]
INFO: [ view_parse ] --START--
INFO: Run ParseTemplate Behavior [ RunTime:0.002926s ]
INFO: [ view_parse ] --END-- [ RunTime:0.003127s ]
INFO: [ view_filter ] --START--
INFO: Run ContentReplace Behavior [ RunTime:0.000873s ]
INFO: Run TokenBuild Behavior [ RunTime:0.000861s ]
INFO: Run WriteHtmlCache Behavior [ RunTime:0.000797s ]
INFO: Run ShowRuntime Behavior [ RunTime:0.002061s ]
INFO: [ view_filter ] --END-- [ RunTime:0.005173s ]
INFO: [ view_end ] --START--
INFO: Run ShowPageTrace Behavior [ RunTime:0.001661s ]
INFO: [ view_end ] --END-- [ RunTime:0.001838s ]

[ 2012-11-25T17:31:04+08:00 ] 127.0.0.1 /app/index.php/
INFO: [ route_check ] --START--
INFO: Run CheckRoute Behavior [ RunTime:0.000855s ]
INFO: [ route_check ] --END-- [ RunTime:0.000982s ]
INFO: [ app_begin ] --START--
INFO: Run ReadHtmlCache Behavior [ RunTime:0.000553s ]
INFO: [ app_begin ] --END-- [ RunTime:0.000630s ]
INFO: [ view_parse ] --START--
INFO: Run ParseTemplate Behavior [ RunTime:0.000772s ]
INFO: [ view_parse ] --END-- [ RunTime:0.000856s ]
INFO: [ view_filter ] --START--
INFO: Run ContentReplace Behavior [ RunTime:0.000304s ]
INFO: Run TokenBuild Behavior [ RunTime:0.000304s ]
INFO: Run WriteHtmlCache Behavior [ RunTime:0.000225s ]
INFO: Run ShowRuntime Behavior [ RunTime:0.000457s ]
INFO: [ view_filter ] --END-- [ RunTime:0.001475s ]
INFO: [ view_end ] --START--
INFO: Run ShowPageTrace Behavior [ RunTime:0.000538s ]
INFO: [ view_end ] --END-- [ RunTime:0.000606s ]

[ 2012-11-25T17:31:07+08:00 ] ERR: (ThinkException) 无法加载模块:user
[ 2012-11-25T17:31:11+08:00 ] 127.0.0.1 /app/index.php/User
INFO: [ route_check ] --START--
INFO: Run CheckRoute Behavior [ RunTime:0.002201s ]
INFO: [ route_check ] --END-- [ RunTime:0.002831s ]
INFO: [ app_begin ] --START--
INFO: Run ReadHtmlCache Behavior [ RunTime:0.001404s ]
INFO: [ app_begin ] --END-- [ RunTime:0.001583s ]

[ 2012-11-25T17:31:13+08:00 ] 127.0.0.1 /app/index.php/User
INFO: [ route_check ] --START--
INFO: Run CheckRoute Behavior [ RunTime:0.001895s ]
INFO: [ route_check ] --END-- [ RunTime:0.002095s ]
INFO: [ app_begin ] --START--
INFO: Run ReadHtmlCache Behavior [ RunTime:0.001350s ]
INFO: [ app_begin ] --END-- [ RunTime:0.001545s ]

[ 2012-11-25T17:31:17+08:00 ] 127.0.0.1 /app/index.php/User/reg
INFO: [ route_check ] --START--
INFO: Run CheckRoute Behavior [ RunTime:0.003021s ]
INFO: [ route_check ] --END-- [ RunTime:0.003249s ]
INFO: [ app_begin ] --START--
INFO: Run ReadHtmlCache Behavior [ RunTime:0.001387s ]
INFO: [ app_begin ] --END-- [ RunTime:0.001584s ]
INFO: [ view_template ] --START--
INFO: Run LocationTemplate Behavior [ RunTime:0.002680s ]
INFO: [ view_template ] --END-- [ RunTime:0.002874s ]
INFO: [ view_parse ] --START--
INFO: Run ParseTemplate Behavior [ RunTime:0.019397s ]
INFO: [ view_parse ] --END-- [ RunTime:0.019546s ]
INFO: [ view_filter ] --START--
INFO: Run ContentReplace Behavior [ RunTime:0.000476s ]
INFO: Run TokenBuild Behavior [ RunTime:0.000327s ]
INFO: Run WriteHtmlCache Behavior [ RunTime:0.000209s ]
INFO: Run ShowRuntime Behavior [ RunTime:0.000421s ]
INFO: [ view_filter ] --END-- [ RunTime:0.001615s ]
INFO: [ view_end ] --START--
INFO: Run ShowPageTrace Behavior [ RunTime:0.000575s ]
INFO: [ view_end ] --END-- [ RunTime:0.000645s ]

[ 2012-11-25T17:31:37+08:00 ] ERR: (ThinkException) 非法操作:edit
[ 2012-11-25T17:31:37+08:00 ] 127.0.0.1 /app/index.php/User/edit
INFO: [ route_check ] --START--
INFO: Run CheckRoute Behavior [ RunTime:0.000806s ]
INFO: [ route_check ] --END-- [ RunTime:0.000902s ]
INFO: [ app_begin ] --START--
INFO: Run ReadHtmlCache Behavior [ RunTime:0.000494s ]
INFO: [ app_begin ] --END-- [ RunTime:0.000559s ]
NOTIC: [8] Undefined index:  class D:\wamp\www\ThinkPHP\Lib\Core\ThinkException.class.php 第 63 行.
NOTIC: [8] Undefined index:  type D:\wamp\www\ThinkPHP\Lib\Core\ThinkException.class.php 第 63 行.
NOTIC: [8] Undefined index:  file D:\wamp\www\ThinkPHP\Lib\Core\ThinkException.class.php 第 62 行.
NOTIC: [8] Undefined index:  line D:\wamp\www\ThinkPHP\Lib\Core\ThinkException.class.php 第 62 行.
NOTIC: [4096] Object of class UserAction could not be converted to string D:\wamp\www\ThinkPHP\Lib\Core\ThinkException.class.php 第 64 行.
NOTIC: [8] Array to string conversion D:\wamp\www\ThinkPHP\Lib\Core\ThinkException.class.php 第 64 行.
NOTIC: [8] Undefined index:  class D:\wamp\www\ThinkPHP\Lib\Core\ThinkException.class.php 第 63 行.
NOTIC: [8] Undefined index:  type D:\wamp\www\ThinkPHP\Lib\Core\ThinkException.class.php 第 63 行.
NOTIC: [8] Undefined index:  class D:\wamp\www\ThinkPHP\Lib\Core\ThinkException.class.php 第 63 行.
NOTIC: [8] Undefined index:  type D:\wamp\www\ThinkPHP\Lib\Core\ThinkException.class.php 第 63 行.

[ 2012-11-25T17:32:16+08:00 ] ERR: (ThinkException) 非法操作:edit
[ 2012-11-25T17:32:16+08:00 ] 127.0.0.1 /app/index.php/User/edit
INFO: [ route_check ] --START--
INFO: Run CheckRoute Behavior [ RunTime:0.001034s ]
INFO: [ route_check ] --END-- [ RunTime:0.001131s ]
INFO: [ app_begin ] --START--
INFO: Run ReadHtmlCache Behavior [ RunTime:0.001527s ]
INFO: [ app_begin ] --END-- [ RunTime:0.001613s ]
NOTIC: [8] Undefined index:  class D:\wamp\www\ThinkPHP\Lib\Core\ThinkException.class.php 第 63 行.
NOTIC: [8] Undefined index:  type D:\wamp\www\ThinkPHP\Lib\Core\ThinkException.class.php 第 63 行.
NOTIC: [8] Undefined index:  file D:\wamp\www\ThinkPHP\Lib\Core\ThinkException.class.php 第 62 行.
NOTIC: [8] Undefined index:  line D:\wamp\www\ThinkPHP\Lib\Core\ThinkException.class.php 第 62 行.
NOTIC: [4096] Object of class UserAction could not be converted to string D:\wamp\www\ThinkPHP\Lib\Core\ThinkException.class.php 第 64 行.
NOTIC: [8] Array to string conversion D:\wamp\www\ThinkPHP\Lib\Core\ThinkException.class.php 第 64 行.
NOTIC: [8] Undefined index:  class D:\wamp\www\ThinkPHP\Lib\Core\ThinkException.class.php 第 63 行.
NOTIC: [8] Undefined index:  type D:\wamp\www\ThinkPHP\Lib\Core\ThinkException.class.php 第 63 行.
NOTIC: [8] Undefined index:  class D:\wamp\www\ThinkPHP\Lib\Core\ThinkException.class.php 第 63 行.
NOTIC: [8] Undefined index:  type D:\wamp\www\ThinkPHP\Lib\Core\ThinkException.class.php 第 63 行.

[ 2012-11-25T17:32:17+08:00 ] ERR: (ThinkException) 非法操作:edit
[ 2012-11-25T17:32:17+08:00 ] 127.0.0.1 /app/index.php/User/edit
INFO: [ route_check ] --START--
INFO: Run CheckRoute Behavior [ RunTime:0.000796s ]
INFO: [ route_check ] --END-- [ RunTime:0.000892s ]
INFO: [ app_begin ] --START--
INFO: Run ReadHtmlCache Behavior [ RunTime:0.000883s ]
INFO: [ app_begin ] --END-- [ RunTime:0.000965s ]
NOTIC: [8] Undefined index:  class D:\wamp\www\ThinkPHP\Lib\Core\ThinkException.class.php 第 63 行.
NOTIC: [8] Undefined index:  type D:\wamp\www\ThinkPHP\Lib\Core\ThinkException.class.php 第 63 行.
NOTIC: [8] Undefined index:  file D:\wamp\www\ThinkPHP\Lib\Core\ThinkException.class.php 第 62 行.
NOTIC: [8] Undefined index:  line D:\wamp\www\ThinkPHP\Lib\Core\ThinkException.class.php 第 62 行.
NOTIC: [4096] Object of class UserAction could not be converted to string D:\wamp\www\ThinkPHP\Lib\Core\ThinkException.class.php 第 64 行.
NOTIC: [8] Array to string conversion D:\wamp\www\ThinkPHP\Lib\Core\ThinkException.class.php 第 64 行.
NOTIC: [8] Undefined index:  class D:\wamp\www\ThinkPHP\Lib\Core\ThinkException.class.php 第 63 行.
NOTIC: [8] Undefined index:  type D:\wamp\www\ThinkPHP\Lib\Core\ThinkException.class.php 第 63 行.
NOTIC: [8] Undefined index:  class D:\wamp\www\ThinkPHP\Lib\Core\ThinkException.class.php 第 63 行.
NOTIC: [8] Undefined index:  type D:\wamp\www\ThinkPHP\Lib\Core\ThinkException.class.php 第 63 行.

[ 2012-11-25T17:32:17+08:00 ] ERR: (ThinkException) 非法操作:edit
[ 2012-11-25T17:32:17+08:00 ] 127.0.0.1 /app/index.php/User/edit
INFO: [ route_check ] --START--
INFO: Run CheckRoute Behavior [ RunTime:0.002050s ]
INFO: [ route_check ] --END-- [ RunTime:0.002259s ]
INFO: [ app_begin ] --START--
INFO: Run ReadHtmlCache Behavior [ RunTime:0.001298s ]
INFO: [ app_begin ] --END-- [ RunTime:0.001474s ]
NOTIC: [8] Undefined index:  class D:\wamp\www\ThinkPHP\Lib\Core\ThinkException.class.php 第 63 行.
NOTIC: [8] Undefined index:  type D:\wamp\www\ThinkPHP\Lib\Core\ThinkException.class.php 第 63 行.
NOTIC: [8] Undefined index:  file D:\wamp\www\ThinkPHP\Lib\Core\ThinkException.class.php 第 62 行.
NOTIC: [8] Undefined index:  line D:\wamp\www\ThinkPHP\Lib\Core\ThinkException.class.php 第 62 行.
NOTIC: [4096] Object of class UserAction could not be converted to string D:\wamp\www\ThinkPHP\Lib\Core\ThinkException.class.php 第 64 行.
NOTIC: [8] Array to string conversion D:\wamp\www\ThinkPHP\Lib\Core\ThinkException.class.php 第 64 行.
NOTIC: [8] Undefined index:  class D:\wamp\www\ThinkPHP\Lib\Core\ThinkException.class.php 第 63 行.
NOTIC: [8] Undefined index:  type D:\wamp\www\ThinkPHP\Lib\Core\ThinkException.class.php 第 63 行.
NOTIC: [8] Undefined index:  class D:\wamp\www\ThinkPHP\Lib\Core\ThinkException.class.php 第 63 行.
NOTIC: [8] Undefined index:  type D:\wamp\www\ThinkPHP\Lib\Core\ThinkException.class.php 第 63 行.

[ 2012-11-25T17:32:41+08:00 ] 127.0.0.1 /app/index.php/User/reg
INFO: [ route_check ] --START--
INFO: Run CheckRoute Behavior [ RunTime:0.002188s ]
INFO: [ route_check ] --END-- [ RunTime:0.002395s ]
INFO: [ app_begin ] --START--
INFO: Run ReadHtmlCache Behavior [ RunTime:0.001501s ]
INFO: [ app_begin ] --END-- [ RunTime:0.001701s ]
INFO: [ view_template ] --START--
INFO: Run LocationTemplate Behavior [ RunTime:0.002318s ]
INFO: [ view_template ] --END-- [ RunTime:0.002502s ]
INFO: [ view_parse ] --START--
INFO: Run ParseTemplate Behavior [ RunTime:0.022539s ]
INFO: [ view_parse ] --END-- [ RunTime:0.022746s ]
INFO: [ view_filter ] --START--
INFO: Run ContentReplace Behavior [ RunTime:0.006773s ]
INFO: Run TokenBuild Behavior [ RunTime:0.002857s ]
INFO: Run WriteHtmlCache Behavior [ RunTime:0.001481s ]
INFO: Run ShowRuntime Behavior [ RunTime:0.001958s ]
INFO: [ view_filter ] --END-- [ RunTime:0.015593s ]
INFO: [ view_end ] --START--
INFO: Run ShowPageTrace Behavior [ RunTime:0.001101s ]
INFO: [ view_end ] --END-- [ RunTime:0.001223s ]

[ 2012-11-25T17:37:58+08:00 ] 127.0.0.1 /app/index.php/User/index
INFO: [ route_check ] --START--
INFO: Run CheckRoute Behavior [ RunTime:0.001115s ]
INFO: [ route_check ] --END-- [ RunTime:0.001210s ]
INFO: [ app_begin ] --START--
INFO: Run ReadHtmlCache Behavior [ RunTime:0.000857s ]
INFO: [ app_begin ] --END-- [ RunTime:0.000930s ]

